<?xml version="1.0" encoding="UTF-8"?>
<!-- Generated by org.testng.reporters.JUnitXMLReporter -->
<testsuite ignored="3" hostname="Deepak" failures="0" tests="4" name="Grpoups" time="0.051" errors="0" timestamp="2025-11-19T20:48:37 IST">
  <testcase classname="testNG.tutorial1" name="Test" time="0.009"/>
  <testcase classname="testNG.tutorial2" name="Test" time="0.0"/>
  <testcase classname="testNG.tutorial3" name="carloan" time="0.0"/>
  <testcase classname="testNG.Annotations" name="testMethod1" time="0.002"/>
  <testcase classname="testNG.tutorial2" name="Hi" time="0.0">
    <ignored/>
  </testcase> <!-- Hi -->
  <testcase classname="testNG.tutorial3" name="homeloan" time="0.0">
    <ignored/>
  </testcase> <!-- homeloan -->
  <testcase classname="testNG.Annotations" name="testMethod2" time="0.0">
    <ignored/>
  </testcase> <!-- testMethod2 -->
</testsuite> <!-- Grpoups -->
