<?xml version="1.0" encoding="UTF-8"?>
<!-- Generated by org.testng.reporters.JUnitXMLReporter -->
<testsuite ignored="5" hostname="Deepak" failures="1" tests="4" name="Grpoups" time="0.061" errors="0" timestamp="2025-11-19T21:31:47 IST">
  <testcase classname="testNG.tutorial1" name="Test" time="0.0">
    <failure type="org.testng.TestNGException" message="
Cannot inject @Test annotated Method [Test] with [class java.lang.String].
For more information on native dependency injection please refer to https://testng.org/#_dependency_injection">
      <![CDATA[org.testng.TestNGException: 
Cannot inject @Test annotated Method [Test] with [class java.lang.String].
For more information on native dependency injection please refer to https://testng.org/#_dependency_injection
at java.base/java.util.ArrayList.forEach(ArrayList.java:1596)
... Removed 26 stack frames]]>
    </failure>
  </testcase> <!-- Test -->
  <testcase classname="testNG.tutorial2" name="Test" time="0.004"/>
  <testcase classname="testNG.tutorial3" name="carloan" time="0.001"/>
  <testcase classname="testNG.Annotations" name="testMethod1" time="0.001"/>
  <testcase classname="testNG.Annotations" name="testMethod2" time="0.0">
    <ignored/>
  </testcase> <!-- testMethod2 -->
  <testcase classname="testNG.tutorial2" name="value" time="0.0">
    <ignored/>
  </testcase> <!-- value -->
  <testcase classname="testNG.tutorial1" name="page" time="0.0">
    <ignored/>
  </testcase> <!-- page -->
  <testcase classname="testNG.tutorial2" name="Hi" time="0.0">
    <ignored/>
  </testcase> <!-- Hi -->
  <testcase classname="testNG.tutorial3" name="homeloan" time="0.0">
    <ignored/>
  </testcase> <!-- homeloan -->
</testsuite> <!-- Grpoups -->
