<?xml version="1.0" encoding="UTF-8"?>
<testng-results ignored="0" total="1" passed="1" failed="0" skipped="0">
  <reporter-output>
  </reporter-output>
  <suite started-at="2025-11-12T21:42:19 IST" name="Default suite" finished-at="2025-11-12T21:42:19 IST" duration-ms="40">
    <groups>
    </groups>
    <test started-at="2025-11-12T21:42:19 IST" name="Default test" finished-at="2025-11-12T21:42:19 IST" duration-ms="40">
      <class name="streams.Streams">
        <test-method signature="getNameUpperCase()[pri:0, instance:streams.Streams@5386659f]" started-at="2025-11-12T21:42:19 IST" name="getNameUpperCase" finished-at="2025-11-12T21:42:19 IST" duration-ms="9" status="PASS">
          <reporter-output>
          </reporter-output>
        </test-method> <!-- getNameUpperCase -->
      </class> <!-- streams.Streams -->
    </test> <!-- Default test -->
  </suite> <!-- Default suite -->
</testng-results>
