<?xml version="1.0" encoding="UTF-8"?>
<testng-results ignored="0" total="4" passed="4" failed="0" skipped="0">
  <reporter-output>
  </reporter-output>
  <suite started-at="2025-11-19T20:48:37 IST" name="Groups Tutorial" finished-at="2025-11-19T20:48:37 IST" duration-ms="51">
    <groups>
      <group name="smoke">
        <method signature="Annotations.testMethod1()[pri:0, instance:testNG.Annotations@eadd4fb]" name="testMethod1" class="testNG.Annotations"/>
        <method signature="tutorial1.Test()[pri:0, instance:testNG.tutorial1@6d60fe40]" name="Test" class="testNG.tutorial1"/>
        <method signature="tutorial2.Test()[pri:0, instance:testNG.tutorial2@52f27fbd]" name="Test" class="testNG.tutorial2"/>
        <method signature="tutorial3.carloan()[pri:0, instance:testNG.tutorial3@4c163e3]" name="carloan" class="testNG.tutorial3"/>
      </group> <!-- smoke -->
    </groups>
    <test started-at="2025-11-19T20:48:37 IST" name="Grpoups" finished-at="2025-11-19T20:48:37 IST" duration-ms="51">
      <class name="testNG.tutorial3">
        <test-method signature="carloan()[pri:0, instance:testNG.tutorial3@4c163e3]" started-at="2025-11-19T20:48:37 IST" name="carloan" finished-at="2025-11-19T20:48:37 IST" duration-ms="0" status="PASS">
          <reporter-output>
          </reporter-output>
        </test-method> <!-- carloan -->
      </class> <!-- testNG.tutorial3 -->
      <class name="testNG.tutorial1">
        <test-method signature="Test()[pri:0, instance:testNG.tutorial1@6d60fe40]" started-at="2025-11-19T20:48:37 IST" name="Test" finished-at="2025-11-19T20:48:37 IST" duration-ms="9" status="PASS">
          <reporter-output>
          </reporter-output>
        </test-method> <!-- Test -->
      </class> <!-- testNG.tutorial1 -->
      <class name="testNG.tutorial2">
        <test-method signature="Test()[pri:0, instance:testNG.tutorial2@52f27fbd]" started-at="2025-11-19T20:48:37 IST" name="Test" finished-at="2025-11-19T20:48:37 IST" duration-ms="0" status="PASS">
          <reporter-output>
          </reporter-output>
        </test-method> <!-- Test -->
      </class> <!-- testNG.tutorial2 -->
      <class name="testNG.Annotations">
        <test-method signature="testMethod1()[pri:0, instance:testNG.Annotations@eadd4fb]" started-at="2025-11-19T20:48:37 IST" name="testMethod1" finished-at="2025-11-19T20:48:37 IST" duration-ms="2" status="PASS">
          <reporter-output>
          </reporter-output>
        </test-method> <!-- testMethod1 -->
      </class> <!-- testNG.Annotations -->
    </test> <!-- Grpoups -->
  </suite> <!-- Groups Tutorial -->
</testng-results>
